C51 COMPILER V9.01   SHIYAN62                                                              10/31/2019 22:13:54 PAGE 1   


C51 COMPILER V9.01, COMPILATION OF MODULE SHIYAN62
OBJECT MODULE PLACED IN shiyan62.OBJ
COMPILER INVOKED BY: D:\keil\C51\BIN\C51.EXE shiyan62.c BROWSE DEBUG OBJECTEXTEND

line level    source

   1          #include"reg51.h"
   2          #define uint unsigned int 
   3          #define uchar unsigned char
   4          
   5          uint code smg[]={0xc0,0xf9,0xa4,0xb0,0x99,0x92,0x82,0xf8,0x80,0x90,0x88,0x83,0xc6,0xa1,0x86,0x8e};
   6          
   7          sbit LSA=P2^0;
   8          sbit LSB=P2^1;
   9          sbit LSC=P2^2;
  10          
  11          void delay(uint n)
  12          {
  13   1              uint i,j;
  14   1              for(i=0;i<n;i++)
  15   1                      for(j=0;j<930;j++);
  16   1      }
  17          
  18          void init()
  19          {
  20   1              SCON=0X50;//串口模式1,8位异步，允许接受
  21   1              TMOD=0X20;//T1工作模式2,8位自动装载
  22   1              TH1=0XFD;//保持甲机的同一波特率
  23   1              TL1=0XFD;
  24   1              PCON=0X00;
  25   1              RI=0;
  26   1              TR1=1;
  27   1              IE=0x90;//允许串口中断
  28   1      }
  29          
  30          void main()
  31          {
  32   1              uchar temp;
  33   1              init();
  34   1              
  35   1              TR1=1;  //启动T1
  36   1                      if(RI)
  37   1                      {
  38   2                              RI=0;
  39   2                              P0=smg[SBUF];
  40   2                              temp=smg[SBUF];         
  41   2                              delay(10);
  42   2                      }
  43   1               while(1)
  44   1              {
  45   2                      if(RI)
  46   2                      {
  47   3                              RI=0;
  48   3      
  49   3                              P0=smg[SBUF];
  50   3                              delay(10);
  51   3      
  52   3                              P2=temp;
  53   3                              delay(10);
  54   3                              
  55   3                              temp=smg[SBUF];         
C51 COMPILER V9.01   SHIYAN62                                                              10/31/2019 22:13:54 PAGE 2   

  56   3                              
  57   3                      }
  58   2              }
  59   1      }


MODULE INFORMATION:   STATIC OVERLAYABLE
   CODE SIZE        =    165    ----
   CONSTANT SIZE    =     32    ----
   XDATA SIZE       =   ----    ----
   PDATA SIZE       =   ----    ----
   DATA SIZE        =   ----    ----
   IDATA SIZE       =   ----    ----
   BIT SIZE         =   ----    ----
END OF MODULE INFORMATION.


C51 COMPILATION COMPLETE.  0 WARNING(S),  0 ERROR(S)
