C51 COMPILER V9.01   SHIYAN6                                                               11/23/2019 21:03:04 PAGE 1   


C51 COMPILER V9.01, COMPILATION OF MODULE SHIYAN6
OBJECT MODULE PLACED IN shiyan6.OBJ
COMPILER INVOKED BY: D:\keil\C51\BIN\C51.EXE shiyan6.c BROWSE DEBUG OBJECTEXTEND

line level    source

   1          #include <AT89x51.H>            //器件配置文件
   2          #include <intrins.h>
   3          #define  RX  P2_0
   4          #define  TX  P2_1
   5          
   6          sbit leftBack=P1^2;
   7          sbit leftFor=P1^3;
   8          sbit enL=P1^4;
   9          sbit enR=P1^5;
  10          sbit rightFor=P1^6;
  11          sbit rightBack=P1^7;
  12          sbit Servo = P2^7;//舵机接口
  13          unsigned int  time=0;
  14          unsigned int  timer=0;
  15          unsigned char posit=0;
  16          unsigned long S=0;
  17          bit      flag =0;
  18          
  19          
  20          sbit echo=P2^0;
  21          sbit trig=P2^1;
  22          
  23          void delay(unsigned int z)//毫秒级延时
  24          {
  25   1              unsigned int x,y;
  26   1              for(x = z; x > 0; x--)
  27   1                      for(y = 114; y > 0 ; y--);
  28   1      }
  29          /*舵机方波延时朝向小车正前方*/
  30          void Delay1550us()              //@11.0592MHz
  31          {
  32   1              unsigned char i, j;
  33   1      
  34   1              i = 3;
  35   1              j = 196;
  36   1              do
  37   1              {
  38   2                      while (--j);
  39   2              } while (--i);
  40   1      }
  41          
  42          void Delay18450us()             //@11.0592MHz
  43          {
  44   1              unsigned char i, j;
  45   1      
  46   1              _nop_();
  47   1              i = 34;
  48   1              j = 16;
  49   1              do
  50   1              {
  51   2                      while (--j);
  52   2              } while (--i);
  53   1      }
  54          /*舵机方波延时向小车右方*/
  55          void Delay600us()               //@11.0592MHz
C51 COMPILER V9.01   SHIYAN6                                                               11/23/2019 21:03:04 PAGE 2   

  56          {
  57   1              unsigned char i, j;
  58   1      
  59   1              _nop_();
  60   1              i = 2;
  61   1              j = 15;
  62   1              do
  63   1              {
  64   2                      while (--j);
  65   2              } while (--i);
  66   1      }
  67          void Delay19400us()             //@11.0592MHz
  68          {
  69   1              unsigned char i, j;
  70   1      
  71   1              _nop_();
  72   1              i = 35;
  73   1              j = 197;
  74   1              do
  75   1              {
  76   2                      while (--j);
  77   2              } while (--i);
  78   1      }
  79          /*舵机方波延时朝向小车左方*/
  80          void Delay17500us()             //@11.0592MHz
  81          {
  82   1              unsigned char i, j;
  83   1      
  84   1              i = 32;
  85   1              j = 93;
  86   1              do
  87   1              {
  88   2                      while (--j);
  89   2              } while (--i);
  90   1      }
  91          void Delay2500us()              //@11.0592MHz
  92          {
  93   1              unsigned char i, j;
  94   1      
  95   1              i = 5;
  96   1              j = 120;
  97   1              do
  98   1              {
  99   2                      while (--j);
 100   2              } while (--i);
 101   1      }
 102          void go()
 103          {
 104   1              enL=1;
 105   1              enR=1;
 106   1              leftBack=0;
 107   1              rightBack=0;
 108   1              leftFor=1;
 109   1              rightFor=1;
 110   1      }
 111          
 112          void stop()
 113          {
 114   1              enL=0;
 115   1              enR=0;
 116   1      }
 117          
C51 COMPILER V9.01   SHIYAN6                                                               11/23/2019 21:03:04 PAGE 3   

 118          void rightTurn()
 119          {
 120   1              enL=1;
 121   1              enR=1;
 122   1              rightFor=0;
 123   1              leftBack=0;
 124   1              leftFor=1;
 125   1              rightBack=0;
 126   1      }
 127          void leftTurn()
 128          {
 129   1              enL=1;
 130   1              enR=1;
 131   1              rightBack=0;
 132   1              leftFor=0;
 133   1              rightFor=1;
 134   1              leftBack=0;
 135   1      }
 136          unsigned long count()
 137          {
 138   1              TX=1;                                   //800MS  启动一次模块
 139   1                _nop_(); 
 140   1                _nop_(); 
 141   1                _nop_(); 
 142   1                _nop_(); 
 143   1                _nop_(); 
 144   1                _nop_(); 
 145   1                _nop_(); 
 146   1                _nop_(); 
 147   1                _nop_(); 
 148   1                _nop_(); 
 149   1                _nop_(); 
 150   1                _nop_(); 
 151   1                _nop_(); 
 152   1                _nop_(); 
 153   1                _nop_(); 
 154   1                _nop_(); 
 155   1                _nop_();
 156   1                _nop_(); 
 157   1                _nop_(); 
 158   1                _nop_(); 
 159   1                _nop_();
 160   1                TX=0;
 161   1              while(!RX);             //当RX（ECHO信号回响）为零时等待
 162   1               TR0=1;                     //开启计数
 163   1               while(RX);                     //当RX为1计数并等待
 164   1               TR0=0;                         //关闭计数
 165   1              time=TH0*256+TL0;
 166   1               TH0=0;
 167   1               TL0=0;
 168   1              
 169   1               return (float)(time*1.085)*0.17;     //算出来是MM
 170   1      }
 171          void select()
 172                  {
 173   1              unsigned char i,s0,s1,s2;
 174   1      
 175   1              for(i=0;i<10;i++)                        //0°
 176   1              {       
 177   2                      Servo = 1;
 178   2                      Delay1550us();
 179   2                      Servo = 0;
C51 COMPILER V9.01   SHIYAN6                                                               11/23/2019 21:03:04 PAGE 4   

 180   2                      Delay18450us();
 181   2              }
 182   1      
 183   1               delay(50);
 184   1               s0=count();
 185   1               delay(10);
 186   1               while(s0>160)
 187   1                      {
 188   2                              
 189   2                              go();
 190   2                              delay(30);
 191   2                              stop();
 192   2                              s0=count();
 193   2                              delay(120);
 194   2                      }
 195   1      
 196   1               stop();
 197   1               delay(100);
 198   1               for(i=0;i<10;i++)                         //-90°
 199   1                      {       
 200   2                              Servo = 1;
 201   2                              Delay2500us();
 202   2                              Servo = 0;
 203   2                              Delay17500us();
 204   2                      }
 205   1                      
 206   1                 s1=count();
 207   1                 delay(100);
 208   1                      for(i=0;i<10;i++)                 //90°
 209   1                      {       
 210   2                              Servo = 1;
 211   2                              Delay600us();
 212   2                              Servo = 0;
 213   2                              Delay19400us();
 214   2                      }
 215   1                      s2=count();
 216   1                      delay(100);
 217   1                      if(1)
 218   1                      {
 219   2                              leftTurn();
 220   2                              delay(270);
 221   2                              stop();
 222   2                              delay(200);
 223   2                              do
 224   2                              {
 225   3                                      s0=count();
 226   3                                      delay(150);
 227   3                                      go();
 228   3                                      delay(20);
 229   3                                      stop();
 230   3                                      s0=count();
 231   3                              }while(s0<220);
 232   2      
 233   2                              stop();
 234   2                              delay(100);
 235   2                              rightTurn();
 236   2                              delay(250);
 237   2                              go();
 238   2                              delay(300);
 239   2                              stop();
 240   2                      }
 241   1                      else
C51 COMPILER V9.01   SHIYAN6                                                               11/23/2019 21:03:04 PAGE 5   

 242   1                      {
 243   2                              
 244   2                      }
 245   1      
 246   1               
 247   1      }
 248          
 249          /********************************************************/
 250               void zd0() interrupt 1              //T0中断用来计数器溢出,超过测距范围
 251            {
 252   1          flag=1;                                                      //中断溢出标志
 253   1        }
 254          /********************************************************/
 255             void  zd3()  interrupt 3              //T1中断用来扫描数码管和计800MS启动模块
 256            {
 257   1               TH1=0xf8;
 258   1               TL1=0x30;
 259   1               timer++;
 260   1               if(timer>=250)
 261   1               {
 262   2                timer=0;
 263   2                TX=1;                                 //800MS  启动一次模块
 264   2                _nop_(); 
 265   2                _nop_(); 
 266   2                _nop_(); 
 267   2                _nop_(); 
 268   2                _nop_(); 
 269   2                _nop_(); 
 270   2                _nop_(); 
 271   2                _nop_(); 
 272   2                _nop_(); 
 273   2                _nop_(); 
 274   2                _nop_(); 
 275   2                _nop_(); 
 276   2                _nop_(); 
 277   2                _nop_(); 
 278   2                _nop_(); 
 279   2                _nop_(); 
 280   2                _nop_();
 281   2                _nop_(); 
 282   2                _nop_(); 
 283   2                _nop_(); 
 284   2                _nop_();
 285   2                TX=0;
 286   2               } 
 287   1        }
 288          /*********************************************************/
 289          
 290                  void  main(  void  )
 291          
 292            {  
 293   1              unsigned char i;
 294   1          TMOD=0x11;             //设T0,T1为方式1定时模式，GATE=1；
 295   1              TH0=0;
 296   1              TL0=0;          
 297   1              TH1=0xf8;                  //2MS定时
 298   1              TL1=0x30;
 299   1              ET0=1;             //允许T0中断
 300   1              ET1=1;                     //允许T1中断
 301   1              TR1=1;                     //开启定时器1
 302   1              EA=1;                      //开启总中断
 303   1              
C51 COMPILER V9.01   SHIYAN6                                                               11/23/2019 21:03:04 PAGE 6   

 304   1      
 305   1           select();                  //计算
 306   1              while(1);
 307   1        }
*** WARNING C280 IN LINE 293 OF SHIYAN6.C: 'i': unreferenced local variable
 308                          


MODULE INFORMATION:   STATIC OVERLAYABLE
   CODE SIZE        =    523    ----
   CONSTANT SIZE    =   ----    ----
   XDATA SIZE       =   ----    ----
   PDATA SIZE       =   ----    ----
   DATA SIZE        =      9       5
   IDATA SIZE       =   ----    ----
   BIT SIZE         =      1    ----
END OF MODULE INFORMATION.


C51 COMPILATION COMPLETE.  1 WARNING(S),  0 ERROR(S)
