C51 COMPILER V9.01   SHIYAN5                                                               10/31/2019 21:51:04 PAGE 1   


C51 COMPILER V9.01, COMPILATION OF MODULE SHIYAN5
OBJECT MODULE PLACED IN shiyan5.OBJ
COMPILER INVOKED BY: D:\keil\C51\BIN\C51.EXE shiyan5.c BROWSE DEBUG OBJECTEXTEND

line level    source

   1          #include"reg51.h"
   2          #define uint unsigned int
   3          #define uchar unsigned char
   4          
   5          sbit led=P1^0;
   6          uint count=0,t=0;
   7          
   8          sbit du=P2^6;
   9          sbit wei=P2^7;
  10          
  11          uint code smg[]={0xc0,0xf9,0xa4,0xb0,0x99,0x92,0x82,0xf8,0x80,0x90,0x88,0x83,0xc6,0xa1,0x86,0x8e};
  12          
  13          void delay(uint n)
  14          {
  15   1              uint i,j;
  16   1              for(i=0;i<n;i++)
  17   1                      for(j=0;j<112;j++);
  18   1      }
  19          void initTime()
  20          {
  21   1      
  22   1              TMOD = 0x01;   
  23   1              TH0=0xd8;     //定时10ms
  24   1              TL0=0xf0;     
  25   1              TR0=1;       //启动定时器
  26   1              ET0=1;       //允许定时器0中断
  27   1              EA=1;        //允许总中断
  28   1              //P1=0xff;       //初始化P1，输出端口
  29   1      }
  30          
  31          void display()
  32          {
  33   1              uint count1,count2;
  34   1              count1=count/10;
  35   1              count2=count%10;
  36   1      
  37   1              P0=0xff;
  38   1              if(count<10)
  39   1              {
  40   2                      wei=1;
  41   2                      P0=0x02;
  42   2                      wei=0;
  43   2                      delay(1);
  44   2                      du=1;
  45   2                      P0=smg[count];
  46   2                      du=0;   
  47   2              }
  48   1      
  49   1              if(count>=10)
  50   1              {
  51   2                                      
  52   2                      wei=1;
  53   2                      P0=0x02;
  54   2                      
  55   2                      
C51 COMPILER V9.01   SHIYAN5                                                               10/31/2019 21:51:04 PAGE 2   

  56   2                      wei=0;
  57   2                      delay(1);
  58   2                      P0=0xff;
  59   2                      du=1;
  60   2                      P0=smg[count1];
  61   2                      du=0;
  62   2      
  63   2                      wei=1;
  64   2                      P0=0x01;
  65   2                      wei=0;
  66   2                      delay(1);
  67   2                      P0=0xff;
  68   2                      du=1;
  69   2                      P0=smg[count2];
  70   2                      du=0;   
  71   2              }
  72   1              
  73   1      }
  74          void main()
  75          {
  76   1              initTime();
  77   1              while(1)
  78   1                      display();
  79   1      
  80   1      }
  81          
  82          init0()interrupt 1
  83          {
  84   1              TH0=0xd8;     //定时10ms
  85   1              TL0=0xf0;
  86   1              t++;
  87   1              if(t==80)
  88   1              {
  89   2                      led=~led;
  90   2                      count++;
  91   2                      if(count>99)
  92   2                              count=0;
  93   2                      while(t--);
  94   2                      t=0;    
  95   2              }
  96   1      }


MODULE INFORMATION:   STATIC OVERLAYABLE
   CODE SIZE        =    307    ----
   CONSTANT SIZE    =     32    ----
   XDATA SIZE       =   ----    ----
   PDATA SIZE       =   ----    ----
   DATA SIZE        =      4       4
   IDATA SIZE       =   ----    ----
   BIT SIZE         =   ----    ----
END OF MODULE INFORMATION.


C51 COMPILATION COMPLETE.  0 WARNING(S),  0 ERROR(S)
