C51 COMPILER V9.01   SHIYAN51                                                              10/31/2019 16:29:55 PAGE 1   


C51 COMPILER V9.01, COMPILATION OF MODULE SHIYAN51
OBJECT MODULE PLACED IN shiyan51.OBJ
COMPILER INVOKED BY: D:\keil\C51\BIN\C51.EXE shiyan51.c BROWSE DEBUG OBJECTEXTEND

line level    source

   1          #include<reg51.h>
   2          sbit P1_0=P1^0;
   3          unsigned char num[11]={0xc0,0xf9,0xa4,0xb0,0x99,0x92,0x82,0xf8,0x80,0x90,0x88};
   4          unsigned char wei[4]={0x01,0x02,0x04,0x08};
   5          unsigned int count=0;
   6          void int1() interrupt 1
   7          {
   8   1              count++;        
   9   1              TL0=0xb0;       
  10   1              TH0=0x3c;
  11   1      
  12   1      }
  13          
  14          void DelayMS(unsigned int ms)
  15          {
  16   1      
  17   1              unsigned char i;
  18   1              while(ms--) 
  19   1                      for(i=0;i<120;i++);
  20   1      }
  21          void main()
  22          {
  23   1              unsigned char i=0;
  24   1              unsigned char dspcode[4];
  25   1              unsigned long t;
  26   1              P3=num[i];
  27   1              ET0=1;
  28   1              EA=1;
  29   1              TH0=0x3c;
  30   1              TL0=0xb0;
  31   1              TMOD=0x01;
  32   1      while(1)
  33   1      {
  34   2           if(P1_0==0)
  35   2      
  36   2           {
  37   3               TR0=1;
  38   3               i++;
  39   3                       P2=0x01;
  40   3               P0=num[i];
  41   3      
  42   3               while(P1_0==0);
  43   3               TR0=0;
  44   3               if(i==10)
  45   3               {
  46   4                   t=((TH0<<8)+TL0)/1000;
  47   4      
  48   4                   t=(t+50*count)/10;
  49   4      
  50   4                   dspcode[0]=num[(t/1000)%10]^0x80;
  51   4                       dspcode[1]=num[(t/100)%10];
  52   4                   dspcode[2]=num[(t/10)%10];
  53   4                   dspcode[3]=num[t%10];
  54   4                   break;
  55   4      
C51 COMPILER V9.01   SHIYAN51                                                              10/31/2019 16:29:55 PAGE 2   

  56   4               }
  57   3      
  58   3           }
  59   2      }
  60   1      
  61   1      while(1)
  62   1      {
  63   2           for(i=0;i<4;i++)
  64   2           {
  65   3               P2=wei[i];
  66   3               P0=dspcode[i];
  67   3               DelayMS(5);
  68   3           }
  69   2      }
  70   1      
  71   1      }


MODULE INFORMATION:   STATIC OVERLAYABLE
   CODE SIZE        =    325    ----
   CONSTANT SIZE    =   ----    ----
   XDATA SIZE       =   ----    ----
   PDATA SIZE       =   ----    ----
   DATA SIZE        =     17       9
   IDATA SIZE       =   ----    ----
   BIT SIZE         =   ----    ----
END OF MODULE INFORMATION.


C51 COMPILATION COMPLETE.  0 WARNING(S),  0 ERROR(S)
