C51 COMPILER V9.01   SHIYAN4                                                               10/27/2019 14:54:12 PAGE 1   


C51 COMPILER V9.01, COMPILATION OF MODULE SHIYAN4
OBJECT MODULE PLACED IN shiyan4.OBJ
COMPILER INVOKED BY: D:\keil\C51\BIN\C51.EXE shiyan4.c BROWSE DEBUG OBJECTEXTEND

line level    source

   1          #include"reg51.h"
   2          #define uint unsigned int
   3          #define uchar unsigned char
   4          
   5          
   6          sbit LSA=P2^1;
   7          sbit LSB=P2^2;
   8          sbit LSC=P2^3;
   9          
  10          
  11          uint num=0;
  12          uint pre_num=0;
  13          
  14          uint code smg[]={0x3f,0x06,0x5b,0x4f,0x66,0x6d,0x7d,0x07,
  15                                                  0x7f,0x6f,0x77,0x7c,0x39,0x5e,0x79,0x71,0x38,0x37,0x73}; 
  16          void delay(uint n)
  17          {
  18   1              uint i,j;
  19   1              for(i=0;i<n;i++)
  20   1                      for(j=0;j<930;j++);
  21   1      }
  22          
  23          void scan()
  24          {
  25   1              uchar tmp;
  26   1              P1=0x0F;   //预先控制P1 0~3端口为低电平
  27   1              P3=0xE0;   //预先控制P3 0~5端口为低电平
  28   1              delay(1);
  29   1              tmp=P1^0x0f;
  30   1              switch(tmp)
  31   1              {
  32   2                      case 1:num=1;break;
  33   2                      case 2:num=2;break;
  34   2                      case 4:num=3;break;
  35   2                      case 8:num=4;break;
  36   2              }
  37   1              P1=0xF0;         //控制P1 4~7为高电平
  38   1              P3=0x1F;         //控制P3 0~5为高电平
  39   1              delay(1);
  40   1              tmp=P3^0x1F;
  41   1              switch(tmp)
  42   1              {
  43   2                      case 1:num+=0;break;
  44   2                      case 2:num+=4;break;
  45   2                      case 4:num+=8;break;
  46   2                      case 8:num+=12;break;
  47   2                      case 16:num+=16;break;
  48   2                      default:break;
  49   2              }
  50   1      }
  51          void main()
  52          {
  53   1              LSA=0;
  54   1              LSB=0;
  55   1              LSC=0;
C51 COMPILER V9.01   SHIYAN4                                                               10/27/2019 14:54:12 PAGE 2   

  56   1              P0=0x00;
  57   1      
  58   1              while(1)
  59   1              {
  60   2                      scan();
  61   2                      delay(1);
  62   2                      if(pre_num!=num)
  63   2                      {
  64   3                              P0=smg[num-1];
  65   3                              pre_num=num;    
  66   3                      }
  67   2                      delay(10);
  68   2                      
  69   2              }
  70   1      }


MODULE INFORMATION:   STATIC OVERLAYABLE
   CODE SIZE        =    217    ----
   CONSTANT SIZE    =     38    ----
   XDATA SIZE       =   ----    ----
   PDATA SIZE       =   ----    ----
   DATA SIZE        =      4    ----
   IDATA SIZE       =   ----    ----
   BIT SIZE         =   ----    ----
END OF MODULE INFORMATION.


C51 COMPILATION COMPLETE.  0 WARNING(S),  0 ERROR(S)
