C51 COMPILER V9.01   QUXIAN                                                                11/01/2019 18:04:28 PAGE 1   


C51 COMPILER V9.01, COMPILATION OF MODULE QUXIAN
OBJECT MODULE PLACED IN quxian.OBJ
COMPILER INVOKED BY: D:\keil\C51\BIN\C51.EXE quxian.c BROWSE DEBUG OBJECTEXTEND

line level    source

   1          #include"reg51.h"
   2          
   3          #define uint unsigned int
   4          #define uchar unsigned char
   5          
   6          sbit leftBack=P1^2;
   7          sbit leftFor=P1^3;
   8          sbit rightFor=P1^6;
   9          sbit rightBack=P1^7;
  10          sbit enL=P1^4;
  11          sbit enR=P1^5;
  12          
  13          uint left_zkb,right_zkb,l=0,r=0;
  14          
  15          void delay(uint n)
  16          {
  17   1              uint i,j;
  18   1              for(i=0;i<n;i++)
  19   1                      for(j=0;j<50;j++);
  20   1      }
  21          
  22          void initTime()
  23          {
  24   1      
  25   1              TMOD = 0x02;   //定时器0，工作模式2，8位定时模式
  26   1              TH0=210;     //写入预置初值（取值1-255，数越大PWM频率越高）
  27   1              TL0=210;     //写入预置值 （取值1-255，数越大PWM频率越高）
  28   1              TR0=1;       //启动定时器
  29   1              ET0=1;       //允许定时器0中断
  30   1              EA=1;        //允许总中断
  31   1      
  32   1      }
  33          
  34          void init()
  35          {
  36   1              leftBack=0;
  37   1              rightBack=0;
  38   1              leftFor=0;
  39   1              rightFor=0;
  40   1      }
  41          
  42          void yuan1(uint n)
  43          {
  44   1              init();
  45   1              left_zkb=27;
  46   1              right_zkb=95;
  47   1              leftFor=1;
  48   1              rightFor=1;
  49   1              delay(n);
  50   1      }       
  51          
  52          void yuan2(uint n)
  53          {
  54   1              init();
  55   1              left_zkb=95;
C51 COMPILER V9.01   QUXIAN                                                                11/01/2019 18:04:28 PAGE 2   

  56   1              right_zkb=27;
  57   1              leftFor=1;
  58   1              rightFor=1;
  59   1              delay(n);
  60   1      }
  61          
  62          void go(uint n)
  63          {
  64   1              init();
  65   1              left_zkb=70;
  66   1              right_zkb=70;
  67   1              leftFor=1;
  68   1              rightFor=1;
  69   1              delay(n);
  70   1      }
  71          
  72          void left(uint n)
  73          {
  74   1              init();
  75   1              left_zkb=40;
  76   1              right_zkb=50;
  77   1              leftBack=1;
  78   1              rightFor=1;
  79   1              delay(n);
  80   1      }
  81          
  82          void right(uint n)
  83          {
  84   1              init();
  85   1              left_zkb=50;
  86   1              right_zkb=40;
  87   1              leftFor=1;
  88   1              rightBack=1;
  89   1              delay(n);
  90   1      }
  91          
  92          void run()
  93          {
  94   1      
  95   1              yuan1(145);
  96   1              init();
  97   1              delay(80);
  98   1              go(40);
  99   1              init();
 100   1              delay(80);
 101   1              right(22);
 102   1              init();
 103   1              delay(80);
 104   1              go(40);
 105   1              init();
 106   1              delay(80);
 107   1              right(22);
 108   1              init();
 109   1              delay(80);
 110   1              go(40);
 111   1              init();
 112   1              delay(40);
 113   1              left(22);
 114   1              go(50);
 115   1              init();
 116   1              delay(100);
 117   1              
C51 COMPILER V9.01   QUXIAN                                                                11/01/2019 18:04:28 PAGE 3   

 118   1              left(35);
 119   1              init();
 120   1              delay(50);
 121   1              go(50);
 122   1              init();
 123   1              delay(80);
 124   1              right(22);
 125   1              init();
 126   1              delay(80);
 127   1              go(40);
 128   1              init();
 129   1              delay(50);
 130   1              left(22);
 131   1              init();
 132   1              delay(80);
 133   1              go(50);
 134   1              init();
 135   1              delay(80);
 136   1              left(22);
 137   1              init();
 138   1              delay(50);
 139   1              go(50);
 140   1              init();
 141   1              delay(80);
 142   1              yuan2(145);
 143   1              init();
 144   1              delay(80);
 145   1      
 146   1              
 147   1              
 148   1              
 149   1      
 150   1      }
 151          void main()
 152          {
 153   1              initTime();
 154   1              run();
 155   1              while(1);
 156   1      }
 157          
 158          init0()interrupt 1
 159          {
 160   1              l++;
 161   1              r++;
 162   1              if(l<left_zkb)
 163   1                      enL=1;
 164   1              else
 165   1                      enL=0;
 166   1              if(l==100)
 167   1                      l=0;
 168   1      
 169   1              if(r<right_zkb)
 170   1                      enR=1;
 171   1              else
 172   1                      enR=0;
 173   1              if(r==100)
 174   1                      r=0;    
 175   1      }


MODULE INFORMATION:   STATIC OVERLAYABLE
   CODE SIZE        =    397    ----
C51 COMPILER V9.01   QUXIAN                                                                11/01/2019 18:04:28 PAGE 4   

   CONSTANT SIZE    =   ----    ----
   XDATA SIZE       =   ----    ----
   PDATA SIZE       =   ----    ----
   DATA SIZE        =      8    ----
   IDATA SIZE       =   ----    ----
   BIT SIZE         =   ----    ----
END OF MODULE INFORMATION.


C51 COMPILATION COMPLETE.  0 WARNING(S),  0 ERROR(S)
