C51 COMPILER V9.01   SQUARE                                                                10/24/2019 17:45:52 PAGE 1   


C51 COMPILER V9.01, COMPILATION OF MODULE SQUARE
OBJECT MODULE PLACED IN square.OBJ
COMPILER INVOKED BY: D:\keil\C51\BIN\C51.EXE square.c BROWSE DEBUG OBJECTEXTEND

line level    source

   1          #include "reg51.h"
   2          /*
   3          sbit leftFor=P1^2;
   4          sbit leftBack=P1^3;
   5          sbit enL=P1^4;
   6          sbit enR=P1^5;
   7          sbit rightBack=P1^6;
   8          sbit rightFor=P1^7;
   9          */
  10          sbit leftBack=P1^2;
  11          sbit leftFor=P1^3;
  12          sbit rightFor=P1^6;
  13          sbit rightBack=P1^7;
  14          sbit enL=P1^4;
  15          sbit enR=P1^5;
  16          
  17          #define uchar unsigned char
  18          #define uint  unsigned int
  19          
  20          
  21          void delay(uint z)
  22          {
  23   1              uint x,y;
  24   1              for(x = z; x > 0; x--)
  25   1                      for(y = 930; y > 0 ; y--);
  26   1      }
  27          
  28          
  29          
  30          void init()
  31          {
  32   1              enL=1;
  33   1              enR=1;
  34   1              leftFor=0;
  35   1              leftBack=0;
  36   1              rightBack=0;
  37   1              rightFor=0;
  38   1      }
  39          
  40          void go()
  41          {
  42   1              init();
  43   1      //      left_zkb=39;
  44   1      //      right_zkb=39;
  45   1              leftFor = 1     ;
  46   1              rightFor = 1;
  47   1      }
  48          
  49          void left()
  50          {
  51   1              init();
  52   1      //      left_zkb=15;
  53   1      //      right_zkb=39;
  54   1              leftBack=1;
  55   1              rightFor=1;
C51 COMPILER V9.01   SQUARE                                                                10/24/2019 17:45:52 PAGE 2   

  56   1                      
  57   1      }
  58          void stop()
  59          {
  60   1              enL=0;
  61   1              enR=0;
  62   1              leftFor=0;
  63   1              rightBack=0;
  64   1              rightFor=0;
  65   1              leftBack=0;
  66   1      }
  67          
  68          void main()
  69          {
  70   1              uint k;
  71   1               
  72   1              for(k=0;k<4;k++)
  73   1              {
  74   2                      
  75   2                      go();
  76   2                      delay(120);
  77   2                      stop();
  78   2                      delay(60);
  79   2                      left();
  80   2                      delay(17);
  81   2                      stop();
  82   2                      delay(50);
  83   2      
  84   2              }       
  85   1      }
  86          
  87          


MODULE INFORMATION:   STATIC OVERLAYABLE
   CODE SIZE        =    127    ----
   CONSTANT SIZE    =   ----    ----
   XDATA SIZE       =   ----    ----
   PDATA SIZE       =   ----    ----
   DATA SIZE        =   ----    ----
   IDATA SIZE       =   ----    ----
   BIT SIZE         =   ----    ----
END OF MODULE INFORMATION.


C51 COMPILATION COMPLETE.  0 WARNING(S),  0 ERROR(S)
