C51 COMPILER V9.01   S_RUN                                                                 10/24/2019 17:36:36 PAGE 1   


C51 COMPILER V9.01, COMPILATION OF MODULE S_RUN
OBJECT MODULE PLACED IN s_run.OBJ
COMPILER INVOKED BY: D:\keil\C51\BIN\C51.EXE s_run.c BROWSE DEBUG OBJECTEXTEND

line level    source

   1          
   2          #include "reg52.h"
   3          #define uchar unsigned char
   4          #define uint  unsigned int
   5          
   6          
   7          sbit LB=P1^2;
   8          //sbit LB=P2^1;
   9          sbit LF=P1^3;
  10          sbit RF=P1^6;
  11          sbit RB=P1^7;
  12          sbit EL=P1^4;  
  13          sbit ER=P1^5;
  14          
  15          
  16          void delay(uint z)
  17          {
  18   1              uint x,y;
  19   1              for(x = z; x > 0; x--)
  20   1                      for(y = 930; y > 0 ; y--);
  21   1      }
  22          
  23          
  24          
  25          void MF (){
  26   1      
  27   1              LF = 1;
  28   1              RF = 1;
  29   1              
  30   1      }
  31          
  32          void TA (){
  33   1              LB = 1;
  34   1              RF = 1;
  35   1                      
  36   1              
  37   1      
  38   1      }
  39          
  40          void init(){
  41   1      
  42   1              EL = 1;
  43   1              ER = 1;
  44   1              LB = 0;
  45   1              RB = 0;
  46   1              LF = 0;
  47   1              RF = 0;
  48   1      
  49   1      }
  50          
  51          void stop(){
  52   1              EL = 0;
  53   1              ER = 0;
  54   1              LB = 0;
  55   1              LF = 0;
C51 COMPILER V9.01   S_RUN                                                                 10/24/2019 17:36:36 PAGE 2   

  56   1              RB = 0;
  57   1              RF = 0;
  58   1      }
  59          
  60          void main(){
  61   1              //MF
  62   1              init();
  63   1              MF();
  64   1              delay(200)      ;
  65   1              stop();
  66   1              delay(150)      ;  
  67   1      
  68   1              //TA
  69   1              
  70   1              
  71   1              init();
  72   1              TA();
  73   1              delay(40);
  74   1      
  75   1      
  76   1      
  77   1              stop();
  78   1              delay(100);     
  79   1              
  80   1      
  81   1              //MF
  82   1              init();
  83   1              MF();
  84   1              delay(200);
  85   1              stop();
  86   1              delay(10000);
  87   1      }


MODULE INFORMATION:   STATIC OVERLAYABLE
   CODE SIZE        =    117    ----
   CONSTANT SIZE    =   ----    ----
   XDATA SIZE       =   ----    ----
   PDATA SIZE       =   ----    ----
   DATA SIZE        =   ----    ----
   IDATA SIZE       =   ----    ----
   BIT SIZE         =   ----    ----
END OF MODULE INFORMATION.


C51 COMPILATION COMPLETE.  0 WARNING(S),  0 ERROR(S)
